<?xml version="1.0" encoding="UTF-8"?>
<testsuite name="com.alpharamen.customer.ExampleUnitTest" tests="1" skipped="0" failures="0" errors="0" timestamp="2023-11-12T22:44:27" hostname="Yuqiaos-MBP.lan1" time="0.01">
  <properties/>
  <testcase name="email_isValid" classname="com.alpharamen.customer.ExampleUnitTest" time="0.01"/>
  <system-out><![CDATA[]]></system-out>
  <system-err><![CDATA[]]></system-err>
</testsuite>
